{
  "stats": {
    "suites": 1,
    "tests": 1,
    "passes": 0,
    "pending": 0,
    "failures": 1,
    "start": "2024-05-13T05:39:44.985Z",
    "end": "2024-05-13T05:39:53.334Z",
    "duration": 8349,
    "testsRegistered": 1,
    "passPercent": 0,
    "pendingPercent": 0,
    "other": 0,
    "hasOther": false,
    "skipped": 0,
    "hasSkipped": false
  },
  "results": [
    {
      "uuid": "c23111ee-7016-49b2-b9d3-a9675ed020c5",
      "title": "",
      "fullFile": "cypress/e2e/Advanced/ReplayFeature.cy.js",
      "file": "cypress/e2e/Advanced/ReplayFeature.cy.js",
      "beforeHooks": [],
      "afterHooks": [],
      "tests": [],
      "suites": [
        {
          "uuid": "c1bf025f-3651-4b87-b74b-cf262a193663",
          "title": "Reply Feature Test Suite",
          "fullFile": "",
          "file": "",
          "beforeHooks": [],
          "afterHooks": [],
          "tests": [
            {
              "title": "Basic Filter",
              "fullTitle": "Reply Feature Test Suite Basic Filter",
              "timedOut": null,
              "duration": 5670,
              "state": "failed",
              "speed": null,
              "pass": false,
              "fail": true,
              "pending": false,
              "context": "[\n  {\n    \"title\": \"cypress-mochawesome-reporter-videos-failed\",\n    \"value\": \"cypress/e2e/Advanced/ReplayFeature.cy.js\"\n  },\n  {\n    \"title\": \"cypress-mochawesome-reporter-screenshots\",\n    \"value\": [\n      [\n        \"/Advanced/ReplayFeature.cy.js/Reply Feature Test Suite -- Basic Filter (failed).png\"\n      ]\n    ]\n  }\n]",
              "code": "cy.visit(\"https://commitquality.com/\");\n//Workaround\ncy.get(\".filter-textbox\").type(\"Product 2\");\ncy.get('[data-testid=\"filter-button\"]').click();\ncy.get('[data-testid=\"name\"]').first().should(\"contain.text\", \"Product 2\");\ncy.get('[data-testid=\"doesnotexist\"]').click();",
              "err": {
                "message": "AssertionError: Timed out retrying after 4000ms: Expected to find element: `[data-testid=\"doesnotexist\"]`, but never found it.",
                "estack": "AssertionError: Timed out retrying after 4000ms: Expected to find element: `[data-testid=\"doesnotexist\"]`, but never found it.\n    at Context.eval (webpack://cypresstraining1/./cypress/e2e/Advanced/ReplayFeature.cy.js:11:7)",
                "diff": null
              },
              "uuid": "da843c24-e390-4fe5-b113-67b249b4b505",
              "parentUUID": "c1bf025f-3651-4b87-b74b-cf262a193663",
              "isHook": false,
              "skipped": false
            }
          ],
          "suites": [],
          "passes": [],
          "failures": [
            "da843c24-e390-4fe5-b113-67b249b4b505"
          ],
          "pending": [],
          "skipped": [],
          "duration": 5670,
          "root": false,
          "rootEmpty": false,
          "_timeout": 2000
        }
      ],
      "passes": [],
      "failures": [],
      "pending": [],
      "skipped": [],
      "duration": 0,
      "root": true,
      "rootEmpty": true,
      "_timeout": 2000
    }
  ],
  "meta": {
    "mocha": {
      "version": "7.0.1"
    },
    "mochawesome": {
      "options": {
        "quiet": false,
        "reportFilename": "mochawesome",
        "saveHtml": false,
        "saveJson": true,
        "consoleReporter": "spec",
        "useInlineDiffs": false,
        "code": true
      },
      "version": "7.1.3"
    },
    "marge": {
      "options": {
        "overwrite": false,
        "html": false,
        "json": true,
        "reportDir": "cypress/reports/html/.jsons"
      },
      "version": "6.2.0"
    }
  }
}