{
  "stats": {
    "suites": 1,
    "tests": 1,
    "passes": 1,
    "pending": 0,
    "failures": 0,
    "start": "2024-05-13T05:38:13.647Z",
    "end": "2024-05-13T05:38:16.688Z",
    "duration": 3041,
    "testsRegistered": 1,
    "passPercent": 100,
    "pendingPercent": 0,
    "other": 0,
    "hasOther": false,
    "skipped": 0,
    "hasSkipped": false
  },
  "results": [
    {
      "uuid": "2a8bf862-93d4-4617-888b-5a752f0348f1",
      "title": "",
      "fullFile": "cypress/e2e/Advanced/Asserstion.cy.js",
      "file": "cypress/e2e/Advanced/Asserstion.cy.js",
      "beforeHooks": [],
      "afterHooks": [],
      "tests": [],
      "suites": [
        {
          "uuid": "b474129a-5f85-4599-9b56-6b6fccc8b777",
          "title": "Assersions Test Suite",
          "fullFile": "",
          "file": "",
          "beforeHooks": [],
          "afterHooks": [],
          "tests": [
            {
              "title": "Assersion example",
              "fullTitle": "Assersions Test Suite Assersion example",
              "timedOut": null,
              "duration": 339,
              "state": "passed",
              "speed": "fast",
              "pass": true,
              "fail": false,
              "pending": false,
              "context": "{\n  \"title\": \"cypress-mochawesome-reporter-videos-passed\",\n  \"value\": \"cypress/e2e/Advanced/Asserstion.cy.js\"\n}",
              "code": "cy.visit(\"https://commitquality.com/\");\nconst rows = cy.get(\".product-list-table tbody tr\");\n//Assert there are 10 rows\nrows.its(\"length\").should(\"equal\", 10);\n//chai-jquery\nconst filterButton = cy.get('[data-testid=\"filter-button\"]');\nfilterButton.should(\"have.text\", \"Filter\");\n//Chaining the assersions\nfilterButton.should(\"have.text\", \"Filter\").and(\"have.class\", \"filter-button\");\n//should callback Assertion\ncy.get(\".product-list-table tbody tr\").should($rows => {\n  expect($rows[0]).to.have.text(\"11Product 2152021-02-01\");\n  expect($rows[1]).to.have.text(\"10Product 1102021-01-01\");\n});",
              "err": {},
              "uuid": "f052ef68-3527-4736-a209-d9473fc820cf",
              "parentUUID": "b474129a-5f85-4599-9b56-6b6fccc8b777",
              "isHook": false,
              "skipped": false
            }
          ],
          "suites": [],
          "passes": [
            "f052ef68-3527-4736-a209-d9473fc820cf"
          ],
          "failures": [],
          "pending": [],
          "skipped": [],
          "duration": 339,
          "root": false,
          "rootEmpty": false,
          "_timeout": 2000
        }
      ],
      "passes": [],
      "failures": [],
      "pending": [],
      "skipped": [],
      "duration": 0,
      "root": true,
      "rootEmpty": true,
      "_timeout": 2000
    }
  ],
  "meta": {
    "mocha": {
      "version": "7.0.1"
    },
    "mochawesome": {
      "options": {
        "quiet": false,
        "reportFilename": "mochawesome",
        "saveHtml": false,
        "saveJson": true,
        "consoleReporter": "spec",
        "useInlineDiffs": false,
        "code": true
      },
      "version": "7.1.3"
    },
    "marge": {
      "options": {
        "overwrite": false,
        "html": false,
        "json": true,
        "reportDir": "cypress/reports/html/.jsons"
      },
      "version": "6.2.0"
    }
  }
}