{
  "stats": {
    "suites": 1,
    "tests": 1,
    "passes": 1,
    "pending": 0,
    "failures": 0,
    "start": "2024-05-13T05:40:15.274Z",
    "end": "2024-05-13T05:40:19.883Z",
    "duration": 4609,
    "testsRegistered": 1,
    "passPercent": 100,
    "pendingPercent": 0,
    "other": 0,
    "hasOther": false,
    "skipped": 0,
    "hasSkipped": false
  },
  "results": [
    {
      "uuid": "137df52a-2ba7-402a-83f5-53bb2371d5b9",
      "title": "",
      "fullFile": "cypress/e2e/Advanced/cypressLog.cy.js",
      "file": "cypress/e2e/Advanced/cypressLog.cy.js",
      "beforeHooks": [],
      "afterHooks": [],
      "tests": [],
      "suites": [
        {
          "uuid": "ca327186-9464-4ec9-a9f9-b01e5d12fa58",
          "title": "Cypress Log Test Suite",
          "fullFile": "",
          "file": "",
          "beforeHooks": [],
          "afterHooks": [],
          "tests": [
            {
              "title": "Cypress Logging",
              "fullTitle": "Cypress Log Test Suite Cypress Logging",
              "timedOut": null,
              "duration": 1890,
              "state": "passed",
              "speed": "fast",
              "pass": true,
              "fail": false,
              "pending": false,
              "context": "{\n  \"title\": \"cypress-mochawesome-reporter-videos-passed\",\n  \"value\": \"cypress/e2e/Advanced/cypressLog.cy.js\"\n}",
              "code": "cy.visit(\"https://commitquality.com/practice-contact-form\");\ncy.get('[data-testid=\"name\"]').type(\"Testing\");\ncy.get('[data-testid=\"email\"]').type(\"CommitQuality@fakeemailaddresssss.com\");\ncy.get('[data-testid=\"email\"]').invoke(\"val\").then(text => {\n  cy.log(text);\n});\ncy.get('[data-testid=\"query-type\"]').select(\"General\");\ncy.get('[data-testid=\"dob\"]').type(\"1990-01-01\");\n// console.log(\"Subscribe\")\ncy.log(\"Subscribe\");\n//go to proactice page\ncy.get(\".nav-link\").contains(\"Products\").click();\n// console.log(\"Subscribe Again\")\ncy.log(\"Subscribe Again\");",
              "err": {},
              "uuid": "880cb888-8cfa-418c-9088-3954d8a679cb",
              "parentUUID": "ca327186-9464-4ec9-a9f9-b01e5d12fa58",
              "isHook": false,
              "skipped": false
            }
          ],
          "suites": [],
          "passes": [
            "880cb888-8cfa-418c-9088-3954d8a679cb"
          ],
          "failures": [],
          "pending": [],
          "skipped": [],
          "duration": 1890,
          "root": false,
          "rootEmpty": false,
          "_timeout": 2000
        }
      ],
      "passes": [],
      "failures": [],
      "pending": [],
      "skipped": [],
      "duration": 0,
      "root": true,
      "rootEmpty": true,
      "_timeout": 2000
    }
  ],
  "meta": {
    "mocha": {
      "version": "7.0.1"
    },
    "mochawesome": {
      "options": {
        "quiet": false,
        "reportFilename": "mochawesome",
        "saveHtml": false,
        "saveJson": true,
        "consoleReporter": "spec",
        "useInlineDiffs": false,
        "code": true
      },
      "version": "7.1.3"
    },
    "marge": {
      "options": {
        "overwrite": false,
        "html": false,
        "json": true,
        "reportDir": "cypress/reports/html/.jsons"
      },
      "version": "6.2.0"
    }
  }
}